wurf: Resolve execute resolve
['git', 'config', '--get', 'remote.origin.url']
out: git@github.com:looopTools/master-thesis-src.git

----------------------------------------
Resolve "waf-tools" (git semver)
Tags downloaded. File size: 20363

Registered tags for waf-tools:
[u'1.0.0', u'1.0.1', u'1.0.2', u'1.0.3', u'1.0.4', u'1.0.5', u'1.0.6', u'1.1.0', u'1.2.0', u'1.2.1', u'1.3.0', u'1.3.1', u'1.4.0', u'1.5.0', u'1.5.1', u'2.0.0', u'2.1.0', u'2.1.1', u'2.2.0', u'2.3.0', u'2.4.0', u'2.5.0', u'2.6.0', u'2.7.0', u'2.8.0', u'2.9.0', u'2.10.0', u'2.10.1', u'2.11.0', u'2.12.0', u'2.13.0', u'2.14.0', u'2.15.0', u'2.16.0', u'2.16.1', u'2.16.2', u'2.17.0', u'2.17.1', u'2.18.0', u'2.19.0', u'2.19.1', u'2.20.0', u'2.21.0', u'2.22.0', u'2.23.0', u'2.24.0', u'2.25.0', u'2.26.0', u'2.27.0', u'2.28.0', u'2.29.0', u'2.30.0', u'2.31.0', u'2.32.0', u'2.32.1', u'2.33.0', u'2.33.1', u'2.33.2', u'2.34.0', u'2.35.0', u'2.36.0', u'2.36.1', u'2.37.0', u'2.38.0', u'2.39.0', u'2.40.0', u'2.40.1', u'2.40.2', u'2.41.0', u'2.42.0', u'2.43.0', u'2.44.0', u'2.45.0', u'2.46.0', u'2.47.0', u'2.48.0', u'2.49.0', u'2.50.0', u'2.51.0', u'2.52.0', u'2.53.0', u'2.53.1', u'2.54.0', u'3.0.0', u'3.0.1', u'3.0.2', u'3.1.0', u'3.1.1', u'3.1.2', u'3.1.3', u'3.2.0', u'3.3.0', u'3.4.0', u'3.4.1', u'3.5.0', u'3.5.1', u'3.6.0', u'3.6.1', u'3.7.0', u'3.8.0', u'3.8.1', u'3.9.0', u'3.10.0', u'3.10.1', u'3.11.0', u'3.12.0', u'3.12.1', u'3.13.0', u'3.14.0', u'3.14.1', u'3.15.0', u'3.16.0', u'3.17.0', u'3.17.1', u'3.17.2', u'3.18.0', u'3.19.0', u'3.19.1', u'4.0.0', u'4.0.1', u'4.0.2', u'4.0.3', u'4.0.4', u'4.1.0', u'4.1.1', u'4.2.0', u'4.3.0', u'4.4.0', u'4.5.0', u'4.5.1', u'4.6.0', u'4.7.0', u'4.8.0', u'4.9.0', u'4.9.1']
['git', 'pull']
out: Already up-to-date.

['git', 'tag', '-l']
Resolve failed in ExistingTagResolver({'tag_database': <waflib.extras.wurf.tag_database.TagDatabase object at 0x1021c2d90>, 'ctx': <waflib.extras.wurf.waf_resolve_context.WafResolveContext object at 0x1058fe810>, 'dependency': <waflib.extras.wurf.dependency.Dependency object at 0x1021c2990>, 'resolver': GitSemverResolver({'git': <waflib.extras.wurf.git.Git object at 0x1021c2d10>, 'git_resolver': GitResolver({'git': <waflib.extras.wurf.git.Git object at 0x1021c2d10>, 'source': u'github.com/steinwurf/waf-tools.git', 'ctx': <waflib.extras.wurf.waf_resolve_context.WafResolveContext object at 0x1058fe810>, 'dependency': <waflib.extras.wurf.dependency.Dependency object at 0x1021c2990>, 'git_url_rewriter': <waflib.extras.wurf.git_url_rewriter.GitUrlRewriter object at 0x1021c2f90>, 'cwd': u'/Users/larsnielsen/Documents/AAU/masters/10_semester/master-thesis-src/resolved_dependencies/waf-tools-ae40a5'}), 'ctx': <waflib.extras.wurf.waf_resolve_context.WafResolveContext object at 0x1058fe810>, 'dependency': <waflib.extras.wurf.dependency.Dependency object at 0x1021c2990>, 'semver_selector': SemverSelector({'semver': <module 'waflib.extras.semver' from '/Users/larsnielsen/Documents/AAU/masters/10_semester/master-thesis-src/.waf-1.9.8-6657823688b736c1d1a4e2c4e8e198b4/waflib/extras/semver.py'>}), 'cwd': u'/Users/larsnielsen/Documents/AAU/masters/10_semester/master-thesis-src/resolved_dependencies/waf-tools-ae40a5'}), 'semver_selector': SemverSelector({'semver': <module 'waflib.extras.semver' from '/Users/larsnielsen/Documents/AAU/masters/10_semester/master-thesis-src/.waf-1.9.8-6657823688b736c1d1a4e2c4e8e198b4/waflib/extras/semver.py'>}), 'cwd': u'/Users/larsnielsen/Documents/AAU/masters/10_semester/master-thesis-src/resolved_dependencies/waf-tools-ae40a5'}):
Traceback (most recent call last):
  File "/Users/larsnielsen/Documents/AAU/masters/10_semester/master-thesis-src/.waf-1.9.8-6657823688b736c1d1a4e2c4e8e198b4/waflib/extras/wurf/try_resolver.py", line 14, in resolve
    path=self.resolver.resolve()
  File "/Users/larsnielsen/Documents/AAU/masters/10_semester/master-thesis-src/.waf-1.9.8-6657823688b736c1d1a4e2c4e8e198b4/waflib/extras/wurf/existing_tag_resolver.py", line 20, in resolve
    path=self.resolver.resolve()
  File "/Users/larsnielsen/Documents/AAU/masters/10_semester/master-thesis-src/.waf-1.9.8-6657823688b736c1d1a4e2c4e8e198b4/waflib/extras/wurf/git_semver_resolver.py", line 23, in resolve
    raise DependencyError(msg="No tag found for major version {}, candidates ""were {}".format(self.dependency.major,tags),dependency=self.dependency)
DependencyError: No tag found for major version 4, candidates were []
ERROR: the "waf-tools" dependency is not available.
Please check that you have a valid Steinwurf license and you can access the repository at: ['https://github.com/steinwurf/waf-tools.git']
Dependency info:
{ 'hash': -8907852449950715290,
  'internal': False,
  u'major': 4,
  u'method': u'semver',
  u'name': u'waf-tools',
  'optional': False,
  'recurse': True,
  u'resolver': u'git',
  'sha1': '8bdc8e18a5322ebf140a66d417e8447cb5fca84a',
  u'sources': [u'github.com/steinwurf/waf-tools.git']}
read_write: { 'current_source': 'git@github.com:steinwurf/waf-tools.git',
  'error_messages': [],
  'resolver_action': 'git semver',
  'resolver_chain': 'Resolve'}
audit: []
Error in resolve:
Traceback (most recent call last):
  File "/Users/larsnielsen/Documents/AAU/masters/10_semester/master-thesis-src/.waf-1.9.8-6657823688b736c1d1a4e2c4e8e198b4/waflib/extras/wurf/waf_resolve_context.py", line 45, in execute
    super(WafResolveContext,self).execute()
  File "/Users/larsnielsen/Documents/AAU/masters/10_semester/master-thesis-src/.waf-1.9.8-6657823688b736c1d1a4e2c4e8e198b4/waflib/Context.py", line 88, in execute
    self.recurse([os.path.dirname(g_module.root_path)])
  File "/Users/larsnielsen/Documents/AAU/masters/10_semester/master-thesis-src/.waf-1.9.8-6657823688b736c1d1a4e2c4e8e198b4/waflib/Context.py", line 131, in recurse
    self.post_recurse(node)
  File "/Users/larsnielsen/Documents/AAU/masters/10_semester/master-thesis-src/.waf-1.9.8-6657823688b736c1d1a4e2c4e8e198b4/waflib/extras/wurf/waf_resolve_context.py", line 58, in post_recurse
    self.dependency_manager.load_dependencies(self.path.abspath(),mandatory=False)
  File "/Users/larsnielsen/Documents/AAU/masters/10_semester/master-thesis-src/.waf-1.9.8-6657823688b736c1d1a4e2c4e8e198b4/waflib/extras/wurf/dependency_manager.py", line 27, in load_dependencies
    self.add_dependency(**dependency)
  File "/Users/larsnielsen/Documents/AAU/masters/10_semester/master-thesis-src/.waf-1.9.8-6657823688b736c1d1a4e2c4e8e198b4/waflib/extras/wurf/dependency_manager.py", line 34, in add_dependency
    path=resolver.resolve()
  File "/Users/larsnielsen/Documents/AAU/masters/10_semester/master-thesis-src/.waf-1.9.8-6657823688b736c1d1a4e2c4e8e198b4/waflib/extras/wurf/context_msg_resolver.py", line 15, in resolve
    path=self.resolver.resolve()
  File "/Users/larsnielsen/Documents/AAU/masters/10_semester/master-thesis-src/.waf-1.9.8-6657823688b736c1d1a4e2c4e8e198b4/waflib/extras/wurf/on_active_store_path_resolver.py", line 13, in resolve
    path=self.resolver.resolve()
  File "/Users/larsnielsen/Documents/AAU/masters/10_semester/master-thesis-src/.waf-1.9.8-6657823688b736c1d1a4e2c4e8e198b4/waflib/extras/wurf/create_symlink_resolver.py", line 15, in resolve
    path=self.resolver.resolve()
  File "/Users/larsnielsen/Documents/AAU/masters/10_semester/master-thesis-src/.waf-1.9.8-6657823688b736c1d1a4e2c4e8e198b4/waflib/extras/wurf/check_optional_resolver.py", line 13, in resolve
    raise TopLevelError(msg="Non-optional dependency failed.",dependency=self.dependency)
TopLevelError: Non-optional dependency failed.
Current source: git@github.com:steinwurf/waf-tools.git
No tag found for major version 4, candidates were []

ERROR: the "waf-tools" dependency is not available.
Please check that you have a valid Steinwurf license and you can access the repository at: ['https://github.com/steinwurf/waf-tools.git']
from /Users/larsnielsen/Documents/AAU/masters/10_semester/master-thesis-src: Non-optional dependency failed.
Current source: git@github.com:steinwurf/waf-tools.git
No tag found for major version 4, candidates were []

ERROR: the "waf-tools" dependency is not available.
Please check that you have a valid Steinwurf license and you can access the repository at: ['https://github.com/steinwurf/waf-tools.git']
